<?xml version="1.0" encoding="UTF-8"?>
<!-- Generated by org.testng.reporters.JUnitXMLReporter -->
<testsuite hostname="Asus-India" name="Chrome" tests="8" failures="1" timestamp="15 Aug 2018 10:05:19 GMT" time="20.013" errors="0">
  <testcase name="ExtTestOne" time="1.423" classname="com.facebook.TestCases.ExtentReportTest"/>
  <testcase name="ExtTestTwo" time="0.022" classname="com.facebook.TestCases.ExtentReportTest"/>
  <testcase name="ExtTestFour" time="0.013" classname="com.facebook.TestCases.ExtentReportTest"/>
  <testcase name="ExtTestThree" time="1.586" classname="com.facebook.TestCases.ExtentReportTest">
    <skipped/>
  </testcase> <!-- ExtTestThree -->
  <testcase name="ExtTestFive" time="1.444" classname="com.facebook.TestCases.ExtentReportTest"/>
  <testcase name="ExtTestThree" time="0.017" classname="com.facebook.TestCases.ExtentReportTest">
    <failure type="java.lang.AssertionError" message="expected [true] but found [false]">
      <![CDATA[java.lang.AssertionError: expected [true] but found [false]
	at com.facebook.TestCases.ExtentReportTest.ExtTestThree(ExtentReportTest.java:120)
	at java.util.concurrent.ThreadPoolExecutor.runWorker(Unknown Source)
	at java.util.concurrent.ThreadPoolExecutor$Worker.run(Unknown Source)
	at java.lang.Thread.run(Unknown Source)
... Removed 14 stack frames]]>
    </failure>
  </testcase> <!-- ExtTestThree -->
  <testcase name="ExtTestSix" time="1.677" classname="com.facebook.TestCases.ExtentReportTest"/>
  <testcase name="ExtTestSeven" time="0.014" classname="com.facebook.TestCases.ExtentReportTest"/>
</testsuite> <!-- Chrome -->
