<?xml version="1.0" encoding="UTF-8"?>
<!-- Generated by org.testng.reporters.JUnitXMLReporter -->
<testsuite hostname="Asus-India" name="Firefox" tests="8" failures="1" timestamp="15 Aug 2018 10:04:58 GMT" time="20.449" errors="0">
  <testcase name="testTwo" time="1.358" classname="com.facebook.TestCases.FacebookTest"/>
  <testcase name="testOne" time="0.02" classname="com.facebook.TestCases.FacebookTest"/>
  <testcase name="testFour" time="0.027" classname="com.facebook.TestCases.FacebookTest"/>
  <testcase name="testThree" time="1.753" classname="com.facebook.TestCases.FacebookTest">
    <skipped/>
  </testcase> <!-- testThree -->
  <testcase name="testFive" time="1.524" classname="com.facebook.TestCases.FacebookTest"/>
  <testcase name="testThree" time="0.026" classname="com.facebook.TestCases.FacebookTest">
    <failure type="java.lang.AssertionError" message="expected [true] but found [false]">
      <![CDATA[java.lang.AssertionError: expected [true] but found [false]
	at com.facebook.TestCases.FacebookTest.testThree(FacebookTest.java:120)
	at java.util.concurrent.ThreadPoolExecutor.runWorker(Unknown Source)
	at java.util.concurrent.ThreadPoolExecutor$Worker.run(Unknown Source)
	at java.lang.Thread.run(Unknown Source)
... Removed 14 stack frames]]>
    </failure>
  </testcase> <!-- testThree -->
  <testcase name="testSix" time="1.314" classname="com.facebook.TestCases.FacebookTest"/>
  <testcase name="testSeven" time="0.017" classname="com.facebook.TestCases.FacebookTest"/>
</testsuite> <!-- Firefox -->
