<?xml version="1.0" encoding="UTF-8"?>
<!-- Generated by org.testng.reporters.JUnitXMLReporter -->
<testsuite hostname="Asus-India" name="Test" tests="10" failures="1" timestamp="15 Aug 2018 09:37:48 GMT" time="24.78" errors="0">
  <testcase name="testOne" time="0.052" classname="com.facebook.TestCases.ExtentReportTest"/>
  <testcase name="testTwo" time="0.018" classname="com.facebook.TestCases.ExtentReportTest"/>
  <testcase name="testThree" time="0.016" classname="com.facebook.TestCases.ExtentReportTest">
    <skipped/>
  </testcase> <!-- testThree -->
  <testcase name="testThree" time="0.019" classname="com.facebook.TestCases.ExtentReportTest">
    <skipped/>
  </testcase> <!-- testThree -->
  <testcase name="testThree" time="0.014" classname="com.facebook.TestCases.ExtentReportTest">
    <skipped/>
  </testcase> <!-- testThree -->
  <testcase name="testThree" time="0.011" classname="com.facebook.TestCases.ExtentReportTest">
    <failure type="java.lang.AssertionError" message="expected [true] but found [false]">
      <![CDATA[java.lang.AssertionError: expected [true] but found [false]
	at com.facebook.TestCases.ExtentReportTest.testThree(ExtentReportTest.java:120)
... Removed 28 stack frames]]>
    </failure>
  </testcase> <!-- testThree -->
  <testcase name="testFour" time="0.015" classname="com.facebook.TestCases.ExtentReportTest"/>
  <testcase name="testFive" time="0.012" classname="com.facebook.TestCases.ExtentReportTest"/>
  <testcase name="testSix" time="0.012" classname="com.facebook.TestCases.ExtentReportTest"/>
  <testcase name="testSeven" time="0.013" classname="com.facebook.TestCases.ExtentReportTest"/>
</testsuite> <!-- Test -->
