<!DOCTYPE html PUBLIC "-//W3C//DTD XHTML 1.1//EN" "http://www.w3.org/TR/xhtml11/DTD/xhtml11.dtd">
<html xmlns="http://www.w3.org/1999/xhtml"><head><title>TestNG Report</title><style type="text/css">table {margin-bottom:10px;border-collapse:collapse;empty-cells:show}th,td {border:1px solid #009;padding:.25em .5em}th {vertical-align:bottom}td {vertical-align:top}table a {font-weight:bold}.stripe td {background-color: #E6EBF9}.num {text-align:right}.passedodd td {background-color: #3F3}.passedeven td {background-color: #0A0}.skippedodd td {background-color: #DDD}.skippedeven td {background-color: #CCC}.failedodd td,.attn {background-color: #F33}.failedeven td,.stripe .attn {background-color: #D00}.stacktrace {white-space:pre;font-family:monospace}.totop {font-size:85%;text-align:center;border-bottom:2px solid #000}</style></head><body><table><tr><th>Test</th><th># Passed</th><th># Skipped</th><th># Failed</th><th>Time (ms)</th><th>Included Groups</th><th>Excluded Groups</th></tr><tr><th colspan="7">Suite</th></tr><tr><td><a href="#t0">Test</a></td><td class="num">5</td><td class="num attn">2</td><td class="num attn">2</td><td class="num">22,282</td><td></td><td></td></tr></table><table><thead><tr><th>Class</th><th>Method</th><th>Start</th><th>Time (ms)</th></tr></thead><tbody><tr><th colspan="4">Suite</th></tr></tbody><tbody id="t0"><tr><th colspan="4">Test &#8212; failed</th></tr><tr class="failedeven"><td rowspan="2">com.facebook.TestCases.LoginUI_Test</td><td><a href="#m0">testFive</a></td><td rowspan="1">1535562273560</td><td rowspan="1">543</td></tr><tr class="failedeven"><td><a href="#m1">testOneTwo</a></td><td rowspan="1">1535562268074</td><td rowspan="1">490</td></tr><tr><th colspan="4">Test &#8212; skipped</th></tr><tr class="skippedeven"><td rowspan="2">com.facebook.TestCases.LoginUI_Test</td><td><a href="#m2">testFive</a></td><td rowspan="1">1535562272084</td><td rowspan="1">426</td></tr><tr class="skippedeven"><td><a href="#m3">testOneTwo</a></td><td rowspan="1">1535562266823</td><td rowspan="1">463</td></tr><tr><th colspan="4">Test &#8212; passed</th></tr><tr class="passedeven"><td rowspan="5">com.facebook.TestCases.LoginUI_Test</td><td><a href="#m4">testFour</a></td><td rowspan="1">1535562270946</td><td rowspan="1">718</td></tr><tr class="passedeven"><td><a href="#m5">testOne</a></td><td rowspan="1">1535562262928</td><td rowspan="1">3566</td></tr><tr class="passedeven"><td><a href="#m6">testSix</a></td><td rowspan="1">1535562275859</td><td rowspan="1">466</td></tr><tr class="passedeven"><td><a href="#m7">testThree</a></td><td rowspan="1">1535562270126</td><td rowspan="1">495</td></tr><tr class="passedeven"><td><a href="#m8">testTwo</a></td><td rowspan="1">1535562269000</td><td rowspan="1">628</td></tr></tbody></table><h2>Test</h2><h3 id="m0">com.facebook.TestCases.LoginUI_Test#testFive</h3><table class="result"><tr><th>Exception</th></tr><tr><td><div class="stacktrace">java.lang.AssertionError: expected [true] but found [false]
	at com.facebook.TestCases.LoginUI_Test.testFive(LoginUI_Test.java:238)
... Removed 28 stack frames</div></td></tr></table><p class="totop"><a href="#summary">back to summary</a></p><h3 id="m1">com.facebook.TestCases.LoginUI_Test#testOneTwo</h3><table class="result"><tr><th>Exception</th></tr><tr><td><div class="stacktrace">java.lang.AssertionError: expected [true] but found [false]
	at com.facebook.TestCases.LoginUI_Test.testOneTwo(LoginUI_Test.java:144)
... Removed 28 stack frames</div></td></tr></table><p class="totop"><a href="#summary">back to summary</a></p><h3 id="m2">com.facebook.TestCases.LoginUI_Test#testFive</h3><table class="result"><tr><th>Exception</th></tr><tr><td><div class="stacktrace">java.lang.AssertionError: expected [true] but found [false]
	at com.facebook.TestCases.LoginUI_Test.testFive(LoginUI_Test.java:238)
... Removed 28 stack frames</div></td></tr></table><p class="totop"><a href="#summary">back to summary</a></p><h3 id="m3">com.facebook.TestCases.LoginUI_Test#testOneTwo</h3><table class="result"><tr><th>Exception</th></tr><tr><td><div class="stacktrace">java.lang.AssertionError: expected [true] but found [false]
	at com.facebook.TestCases.LoginUI_Test.testOneTwo(LoginUI_Test.java:144)
... Removed 28 stack frames</div></td></tr></table><p class="totop"><a href="#summary">back to summary</a></p><h3 id="m4">com.facebook.TestCases.LoginUI_Test#testFour</h3><table class="result"></table><p class="totop"><a href="#summary">back to summary</a></p><h3 id="m5">com.facebook.TestCases.LoginUI_Test#testOne</h3><table class="result"></table><p class="totop"><a href="#summary">back to summary</a></p><h3 id="m6">com.facebook.TestCases.LoginUI_Test#testSix</h3><table class="result"></table><p class="totop"><a href="#summary">back to summary</a></p><h3 id="m7">com.facebook.TestCases.LoginUI_Test#testThree</h3><table class="result"></table><p class="totop"><a href="#summary">back to summary</a></p><h3 id="m8">com.facebook.TestCases.LoginUI_Test#testTwo</h3><table class="result"></table><p class="totop"><a href="#summary">back to summary</a></p></body></html>